<?xml version="1.0" encoding="UTF-8"?>
<testsuite name="com.tw.room_monitor.HeatingPlanTest" tests="1" skipped="0" failures="0" errors="0" timestamp="2021-11-01T12:28:33" hostname="Kavitas-MacBook-Pro.local" time="0.09">
  <properties/>
  <testcase name="should_return_mock_heating_plan_values_when_temperature_is_passed()" classname="com.tw.room_monitor.HeatingPlanTest" time="0.09"/>
  <system-out><![CDATA[]]></system-out>
  <system-err><![CDATA[]]></system-err>
</testsuite>
